[dotenv@17.3.1] injecting env (17) from .env -- tip: ⚙️  suppress all logs with { quiet: true }
[dotenv@17.3.1] injecting env (0) from .env -- tip: ⚙️  enable debug logging with { debug: true }
node:internal/modules/cjs/loader:1459
  throw err;
  ^

Error: Cannot find module '../middleware/auth'
Require stack:
- E:\legal assitant\backend\src\routes\billingRoutes.js
- E:\legal assitant\backend\src\routes\v1Routes.js
- E:\legal assitant\backend\server.js
    at Module._resolveFilename (node:internal/modules/cjs/loader:1456:15)
    at defaultResolveImpl (node:internal/modules/cjs/loader:1066:19)
    at resolveForCJSWithHooks (node:internal/modules/cjs/loader:1071:22)
    at Module._load (node:internal/modules/cjs/loader:1242:25)
    at wrapModuleLoad (node:internal/modules/cjs/loader:255:19)
    at Module.require (node:internal/modules/cjs/loader:1556:12)
    at require (node:internal/modules/helpers:152:16)
    at Object.<anonymous> (E:\legal assitant\backend\src\routes\billingRoutes.js:4:21)
    at Module._compile (node:internal/modules/cjs/loader:1812:14)
    at Object..js (node:internal/modules/cjs/loader:1943:10) {
  code: 'MODULE_NOT_FOUND',
  requireStack: [
    'E:\\legal assitant\\backend\\src\\routes\\billingRoutes.js',
    'E:\\legal assitant\\backend\\src\\routes\\v1Routes.js',
    'E:\\legal assitant\\backend\\server.js'
  ]
}

Node.js v24.14.0
